C51 COMPILER V9.59.0.0   BREATHELED                                                        01/07/2025 13:17:26 PAGE 1   


C51 COMPILER V9.59.0.0, COMPILATION OF MODULE BREATHELED
OBJECT MODULE PLACED IN .\Objects\BreatheLED.obj
COMPILER INVOKED BY: D:\Keil_v5\C51\BIN\C51.EXE User\BreatheLED.c LARGE OMF2 OPTIMIZE(0,SPEED) BROWSE INCDIR(.\H;.\User;
                    -.\TKDriver\C) DEBUG PRINT(.\Listings\BreatheLED.lst) OBJECT(.\Objects\BreatheLED.obj)

line level    source

   1          #include "BreatheLED.h"
   2          #include "project.h"
   3          uint8_t pwm1_duty = 0x64;  //LED 的pwm满状态
   4          bit flag = 0;
   5          
   6          
   7          // 设置PWM占空比    Uart1_RxData[5]值越大，呼吸频率越慢
   8          void PWMDTY1_Set(void) 
   9          {
  10   1          if (is_ms_tick(1)) 
  11   1              {  // 检查是否到达ms
  12   2              if (flag == 0) 
  13   2                      {
  14   3                  PWMDTY1 = pwm1_duty;  // 设置PWM占空比
  15   3                  pwm1_duty -= 1;  // 减少占空比
  16   3                  if (pwm1_duty == 0) 
  17   3                              {
  18   4                      flag = 1;  // 改变方向
  19   4                  }
  20   3              }
  21   2                      else 
  22   2                      {
  23   3                  PWMDTY1 = pwm1_duty;  // 设置PWM占空比
  24   3                  pwm1_duty += 1;  // 增加占空比
  25   3                  if (pwm1_duty > 0x64) 
  26   3                              {
  27   4                      flag = 0;  // 改变方向
  28   4                  }
  29   3              }
  30   2          }
  31   1      }
  32          /*
  33          // 设置PWM占空比    Uart1_RxData[5]值越大，呼吸频率越快
  34          void PWMDTY1_Set2(void) 
  35          {
  36              if (is_1ms_tick(1)) 
  37                  {  // 检查是否到达ms
  38                  if (flag == 0) 
  39                          {
  40                      PWMDTY1 = pwm1_duty;  // 设置PWM占空比
  41                      pwm1_duty -= 1;  // 减少占空比
  42                      if (pwm1_duty == 0) 
  43                                  {
  44                          flag = 1;  // 改变方向
  45                      }
  46                  }
  47                          else 
  48                          {
  49                      PWMDTY1 = pwm1_duty;  // 设置PWM占空比
  50                      pwm1_duty += 1;  // 增加占空比
  51                      if (pwm1_duty == 0x64) 
  52                                  {
  53                          flag = 0;  // 改变方向
  54                      }
C51 COMPILER V9.59.0.0   BREATHELED                                                        01/07/2025 13:17:26 PAGE 2   

  55                  }
  56              }
  57          }
  58          */


MODULE INFORMATION:   STATIC OVERLAYABLE
   CODE SIZE        =     72    ----
   CONSTANT SIZE    =   ----    ----
   XDATA SIZE       =      1    ----
   PDATA SIZE       =   ----    ----
   DATA SIZE        =   ----    ----
   IDATA SIZE       =   ----    ----
   BIT SIZE         =      1    ----
   EDATA SIZE       =   ----    ----
   HDATA SIZE       =   ----    ----
   XDATA CONST SIZE =   ----    ----
   FAR CONST SIZE   =   ----    ----
END OF MODULE INFORMATION.


C51 COMPILATION COMPLETE.  0 WARNING(S),  0 ERROR(S)
