C51 COMPILER V9.59.0.0   IO_INIT                                                           01/04/2025 11:59:29 PAGE 1   


C51 COMPILER V9.59.0.0, COMPILATION OF MODULE IO_INIT
OBJECT MODULE PLACED IN .\Objects\IO_Init.obj
COMPILER INVOKED BY: D:\Keil_v5\C51\BIN\C51.EXE c\IO_Init.c LARGE OMF2 OPTIMIZE(0,SPEED) BROWSE INCDIR(.\H;.\User;.\TKDr
                    -iver\C) DEBUG PRINT(.\Listings\IO_Init.lst) OBJECT(.\Objects\IO_Init.obj)

line level    source

   1          #include "H/Function_Init.H"
   2          /*****************************************************
   3          *函数名称：void IO_Init(void)
   4          *函数功能：IO初始化
   5          *入口参数：void
   6          *出口参数：void
   7          *****************************************************/
   8          void IO_Init(void)
   9          {
  10   1        #if (IC_MODEL == SC92F8413)  //SC92F8413脚定义
                      P0CON = 0xFF;  //设置P0为强推挽模式
                      P0PH  = 0x00;           
                      P1CON = 0x00;  //设置P1为高阻带上拉模式
                      P1PH  = 0xFF;
                      P2CON = 0xFF;  //设置P2为强推挽模式
                      P2PH  = 0x00;
                      P5CON = 0x00;  //设置P5为高阻输入模式
                      P5PH  = 0x00;
                      #endif
  20   1              
  21   1              #if (IC_MODEL == SC92F8412)  //SC92F8412脚定义
                      P0CON = 0xFF;  //设置P0为强推挽模式
                      P0PH  = 0x00;           
                      P1CON = 0x00;  //设置P1为高阻带上拉模式
                      P1PH  = 0xFF;
                      P2CON = 0xFF;  //设置P2为强推挽模式
                      P2PH  = 0x00;
                      P5CON = 0x00;  //设置P5为高阻输入模式
                      P5PH  = 0x00;
                      SC92F8412_NIO_Init(); //未引出IO口配置
                      #endif
  32   1      
  33   1        #if (IC_MODEL == SC92F8411)  //SC92F8411脚定义
  34   1              P0CON = 0xFF;  //设置P0为强推挽模式
  35   1              P0PH  = 0x00;           
  36   1              P1CON = 0xFF;  //设置P1为高阻带上拉模式
  37   1              P1PH  = 0x00;
  38   1              P2CON = 0xFF;  //设置P2为强推挽模式
  39   1              P2PH  = 0x00;
  40   1              P5CON = 0xFF;  //设置P5为高阻输入模式
  41   1              P5PH  = 0x00;
  42   1              SC92F8411_NIO_Init(); //未引出IO口配置
  43   1              #endif
  44   1      
  45   1      }


MODULE INFORMATION:   STATIC OVERLAYABLE
   CODE SIZE        =     37    ----
   CONSTANT SIZE    =   ----    ----
   XDATA SIZE       =   ----    ----
   PDATA SIZE       =   ----    ----
   DATA SIZE        =   ----    ----
   IDATA SIZE       =   ----    ----
C51 COMPILER V9.59.0.0   IO_INIT                                                           01/04/2025 11:59:29 PAGE 2   

   BIT SIZE         =   ----    ----
   EDATA SIZE       =   ----    ----
   HDATA SIZE       =   ----    ----
   XDATA CONST SIZE =   ----    ----
   FAR CONST SIZE   =   ----    ----
END OF MODULE INFORMATION.


C51 COMPILATION COMPLETE.  0 WARNING(S),  0 ERROR(S)
