C51 COMPILER V9.59.0.0   MAIN                                                              01/07/2025 13:17:26 PAGE 1   


C51 COMPILER V9.59.0.0, COMPILATION OF MODULE MAIN
OBJECT MODULE PLACED IN .\Objects\main.obj
COMPILER INVOKED BY: D:\Keil_v5\C51\BIN\C51.EXE c\main.c LARGE OMF2 OPTIMIZE(0,SPEED) BROWSE INCDIR(.\H;.\User;.\TKDrive
                    -r\C) DEBUG PRINT(.\Listings\main.lst) OBJECT(.\Objects\main.obj)

line level    source

   1          #include "project.h"
   2          void main(void)
   3          {  
   4   1              // WDTCON |= 0x10;                  //清看门狗
   5   1          IO_Init();
   6   1          Timer_Test();
   7   1              PWM_Init();
   8   1              Radar_init();
   9   1          TouchKeyInit();
  10   1              UART1_Init(12,9600);
  11   1          while(1)
  12   1          {
  13   2                      //功能总入口
  14   2               project();   
  15   2                                      
  16   2          }
  17   1          
  18   1      }


MODULE INFORMATION:   STATIC OVERLAYABLE
   CODE SIZE        =     38    ----
   CONSTANT SIZE    =   ----    ----
   XDATA SIZE       =   ----    ----
   PDATA SIZE       =   ----    ----
   DATA SIZE        =   ----    ----
   IDATA SIZE       =   ----    ----
   BIT SIZE         =   ----    ----
   EDATA SIZE       =   ----    ----
   HDATA SIZE       =   ----    ----
   XDATA CONST SIZE =   ----    ----
   FAR CONST SIZE   =   ----    ----
END OF MODULE INFORMATION.


C51 COMPILATION COMPLETE.  0 WARNING(S),  0 ERROR(S)
