C51 COMPILER V9.59.0.0   MULTIPLICATION_DIVISION                                           01/04/2025 11:59:29 PAGE 1   


C51 COMPILER V9.59.0.0, COMPILATION OF MODULE MULTIPLICATION_DIVISION
OBJECT MODULE PLACED IN .\Objects\Multiplication_Division.obj
COMPILER INVOKED BY: D:\Keil_v5\C51\BIN\C51.EXE c\Multiplication_Division.c LARGE OMF2 OPTIMIZE(0,SPEED) BROWSE INCDIR(.
                    -\H;.\User;.\TKDriver\C) DEBUG PRINT(.\Listings\Multiplication_Division.lst) OBJECT(.\Objects\Multiplication_Division.obj
                    -)

line level    source

   1          #include "H/Function_Init.H"
   2          
   3          u32 product = 0;//乘积
   4          u32 quotient= 0;//商
   5          u16 remainder = 0;//余数
   6          Result_union result;
   7          
   8          
   9          void Multiplier_Divider_Test(void)   //乘除器
  10          {
  11   1              while(1)
  12   1              {
  13   2                      OPERCON &= ~0x40;
  14   2                      //乘除法器
  15   2                      Multiplication(0x55AA, 0xAA55);  //乘法计算
  16   2                      if(product == 0x38ff5572)        //判断积
  17   2                      {
  18   3                              P20 = 0;
  19   3                      }
  20   2                      
  21   2                      Division(0xFFAA5500,0xAA55);     //除法计算
  22   2                      if(quotient == 0x18040&&remainder == 0x3FC0)  //判断商和余数
  23   2                      {
  24   3                              P20 = 1;
  25   3                      }
  26   2              }               
  27   1      }       
  28          /****************************************************
  29          *函数名称：Multiplication(u16 faciend, u16 Multiplier)
  30          *函数功能：乘法运算
  31          *入口参数：faciend，Multiplier
  32          *出口参数：无
  33          ****************************************************/
  34          void Multiplication(u16 faciend, u16 Multiplier)
  35          {
  36   1              EXA0 = faciend;
  37   1              EXA1 = faciend>>8;
  38   1              EXBL = Multiplier;
  39   1              EXBH = Multiplier>>8;
  40   1      
  41   1              OPERCON |= 0x80;      //开始计算
  42   1              while(OPERCON & 0x80);
  43   1      
  44   1              result.reg.a0 = EXA0;
  45   1              result.reg.a1 = EXA1;
  46   1              result.reg.a2 = EXA2;
  47   1              result.reg.a3 = EXA3;
  48   1      
  49   1              product = result.Result;
  50   1      }       
  51          
  52          /****************************************************
  53          *函数名称：Division(u32 dividend,u16 divisor)
C51 COMPILER V9.59.0.0   MULTIPLICATION_DIVISION                                           01/04/2025 11:59:29 PAGE 2   

  54          *函数功能：除法运算
  55          *入口参数：dividend，divisor
  56          *出口参数：无
  57          ****************************************************/
  58          void Division(u32 dividend,u16 divisor)
  59          {
  60   1              Result_union temp;
  61   1              temp.Result = dividend;
  62   1      
  63   1              EXA0 = temp.reg.a0;
  64   1              EXA1 = temp.reg.a1;
  65   1              EXA2 = temp.reg.a2;
  66   1              EXA3 = temp.reg.a3;
  67   1      
  68   1              EXBL = divisor;
  69   1              EXBH = divisor>>8;
  70   1      
  71   1              OPERCON |= 0xC0;
  72   1              while(OPERCON & 0x80);
  73   1      
  74   1              result.reg.a0 = EXA0;
  75   1              result.reg.a1 = EXA1;
  76   1              result.reg.a2 = EXA2;
  77   1              result.reg.a3 = EXA3;
  78   1      
  79   1              remainder = EXBH*256+ EXBL;
  80   1              quotient  = result.Result;
  81   1      }
  82          


MODULE INFORMATION:   STATIC OVERLAYABLE
   CODE SIZE        =    388    ----
   CONSTANT SIZE    =   ----    ----
   XDATA SIZE       =     28    ----
   PDATA SIZE       =   ----    ----
   DATA SIZE        =   ----    ----
   IDATA SIZE       =   ----    ----
   BIT SIZE         =   ----    ----
   EDATA SIZE       =   ----    ----
   HDATA SIZE       =   ----    ----
   XDATA CONST SIZE =   ----    ----
   FAR CONST SIZE   =   ----    ----
END OF MODULE INFORMATION.


C51 COMPILATION COMPLETE.  0 WARNING(S),  0 ERROR(S)
