C51 COMPILER V9.59.0.0   PWM_INIT                                                          01/04/2025 11:59:29 PAGE 1   


C51 COMPILER V9.59.0.0, COMPILATION OF MODULE PWM_INIT
OBJECT MODULE PLACED IN .\Objects\PWM_Init.obj
COMPILER INVOKED BY: D:\Keil_v5\C51\BIN\C51.EXE c\PWM_Init.c LARGE OMF2 OPTIMIZE(0,SPEED) BROWSE INCDIR(.\H;.\User;.\TKD
                    -river\C) DEBUG PRINT(.\Listings\PWM_Init.lst) OBJECT(.\Objects\PWM_Init.obj)

line level    source

   1          #include "H/Function_Init.H"
   2          
   3          void PWM_Init(void);
   4          
   5          
   6          /*****************************************************
   7          *函数名称：void PWM_Test(void)
   8          *函数功能：PWM测试
   9          *入口参数：void
  10          *出口参数：void
  11          *****************************************************/
  12          void PWM_Test(void)
  13          {
  14   1              PWM_Init();
  15   1              while(1)
  16   1              {
  17   2              }
  18   1      }
  19          /*****************************************************
  20          *函数名称：void PWM_Init(void)
  21          *函数功能：PWM初始化
  22          *入口参数：void
  23          *出口参数：void
  24          *注意：周期与占空比的低2位要先写值，再写高8位
  25          *****************************************************/
  26          void PWM_Init(void)
  27          {       
  28   1              PWMCFG  = 0x00;         //设置PWM系统时钟，控制输出反向
  29   1              PWMCON  = 0x3f;         //控制是否输出到IO口
  30   1              PWMDTYA = 0x00;         //周期与PWM0/1/2占空比的低2位设置
  31   1              PWMPRD  = 0x64;         //周期高8位设置 
  32   1              PWMDTY0 = 0x00;     //PWM0占空比高8位设置
  33   1              PWMDTY1 = 0x00;     //PWM1占空比高8位设置
  34   1              PWMDTY2 = 0x28;     //PWM2占空比高8位设置
  35   1              PWMDTYB = 0x00;     //PWM3/4/5周期与占空比的低2位设置  
  36   1              PWMDTY3 = 0x00;//0X14;     //PWM3占空比高8位设置
  37   1              PWMDTY4 = 0x00;//0X14;          //PWM4占空比高8位设置
  38   1              PWMDTY5 = 0x14;     //PWM5占空比高8位设置
  39   1              PWMCON |= 0x80;         //打开PWM使能端
  40   1              IE1 |= 0x02;
  41   1              EA = 1;
  42   1      }
  43          
  44          /*
  45          void PWM_Dead(void) //死区设置
  46          {
  47                  PWMCFG = 0X38;    //设置PWM系统时钟，控制输出反向
  48                  PWMCON = 0X3F;    //控制是否输出到IO口
  49                  PWMDTYB |= 0X80;  //设置死区模式
  50                  PWMPRD = 0X18;    //周期高8位设置
  51                  PWMDTYA = 0XEA;   //11 10 10 10  周期与占空比低2位
  52                  PWMPRD = 0X18;    //周期与PWM0/1/2占空比的低2位设置
  53                  PWMDTY0 = 0X0C;   //PWM0占空比高8位设置
  54                  PWMDTY1 = 0X10;   //PWM1占空比高8位设置
C51 COMPILER V9.59.0.0   PWM_INIT                                                          01/04/2025 11:59:29 PAGE 2   

  55                  PWMDTY2 = 0X0C;   //PWM2占空比高8位设置
  56                  PWMDTY3 = 0X00;   //死区时间设置
  57                  PWMCON |= 0X80;   //开PWM
  58          }
  59          */
  60          
  61          
  62          void PWMInt(void) interrupt 8
  63          {       
  64   1              //P20=~P20;       
  65   1      }


MODULE INFORMATION:   STATIC OVERLAYABLE
   CODE SIZE        =     52    ----
   CONSTANT SIZE    =   ----    ----
   XDATA SIZE       =   ----    ----
   PDATA SIZE       =   ----    ----
   DATA SIZE        =   ----    ----
   IDATA SIZE       =   ----    ----
   BIT SIZE         =   ----    ----
   EDATA SIZE       =   ----    ----
   HDATA SIZE       =   ----    ----
   XDATA CONST SIZE =   ----    ----
   FAR CONST SIZE   =   ----    ----
END OF MODULE INFORMATION.


C51 COMPILATION COMPLETE.  0 WARNING(S),  0 ERROR(S)
