C51 COMPILER V9.59.0.0   RADAR                                                             01/10/2025 13:08:16 PAGE 1   


C51 COMPILER V9.59.0.0, COMPILATION OF MODULE RADAR
OBJECT MODULE PLACED IN .\Objects\Radar.obj
COMPILER INVOKED BY: D:\Keil_v5\C51\BIN\C51.EXE User\Radar.c LARGE OMF2 OPTIMIZE(0,SPEED) BROWSE INCDIR(.\H;.\User;.\TKD
                    -river\C) DEBUG PRINT(.\Listings\Radar.lst) OBJECT(.\Objects\Radar.obj)

line level    source

   1          #include "Radar.h"
   2          #include "project.h"
   3          extern uint32_t l_1ms_cnt;
   4          //开启雷达
   5          void Radar_open(void)
   6          {
   7   1          P1CON &= 0xEF;
   8   1          P1PH |= 0x02;       
   9   1              P11 = 1;
  10   1              //l_1ms_cnt = 0;
  11   1      }
  12          //雷达自检
  13          void Radar_check(void)
  14          {
  15   1              while(P14 == 1); //等待自检输出低电平
  16   1              l_1ms_cnt = 0;
  17   1          while(l_1ms_cnt <= 1000)
  18   1              {
  19   2                      continue;
  20   2                      if(l_1ms_cnt == 1000)
  21   2                              break;
  22   2              }
  23   1      //      if(P14 == 0)
  24   1      //              return 1;
  25   1      //      else
  26   1      //              return 0;
  27   1              
  28   1      }
  29          //判断雷达输出
  30          unsigned char Radar_Ischeck(void)
  31          {
  32   1      
  33   1              if(P14 == 1)
  34   1                      return 1;
  35   1              else
  36   1                      return 0;
  37   1      
  38   1      }
  39          //雷达初始化
  40          void Radar_init(void)
  41          {
  42   1              Radar_open();
  43   1              Radar_check();
  44   1      }
  45          
  46          
  47          
*** WARNING C294 IN LINE 20 OF User\Radar.c: unreachable code


MODULE INFORMATION:   STATIC OVERLAYABLE
   CODE SIZE        =    100    ----
   CONSTANT SIZE    =   ----    ----
   XDATA SIZE       =   ----    ----
C51 COMPILER V9.59.0.0   RADAR                                                             01/10/2025 13:08:16 PAGE 2   

   PDATA SIZE       =   ----    ----
   DATA SIZE        =   ----    ----
   IDATA SIZE       =   ----    ----
   BIT SIZE         =   ----    ----
   EDATA SIZE       =   ----    ----
   HDATA SIZE       =   ----    ----
   XDATA CONST SIZE =   ----    ----
   FAR CONST SIZE   =   ----    ----
END OF MODULE INFORMATION.


C51 COMPILATION COMPLETE.  1 WARNING(S),  0 ERROR(S)
