C51 COMPILER V9.57.0.0   SC_INIT                                                           11/13/2024 15:03:32 PAGE 1   


C51 COMPILER V9.57.0.0, COMPILATION OF MODULE SC_INIT
OBJECT MODULE PLACED IN .\Objects\SC_Init.obj
COMPILER INVOKED BY: F:\MDK5.36\C51\BIN\C51.EXE User\SC_Init.c LARGE OMF2 OPTIMIZE(8,SPEED) BROWSE INCDIR(C:\Users\Admin
                    -istrator\Desktop\SC92F8413_8412_8411_Demo_Code\TKDriver\C;.\User) DEBUG PRINT(.\Listings\SC_Init.lst) OBJECT(.\Objects\S
                    -C_Init.obj)

line level    source

   1          //************************************************************
   2          //  Copyright (c)   
   3          //      FileName           : SC_Init.c
   4          //      Function           : Contains the MCU initialization function and its C file
   5          //  Instructions   : 
   6          //*************************************************************
   7          
   8          #include "SC_Init.h"    // MCU initialization header file, including all firmware library header files
   9          #include "H/SC92F841x_C.H"
  10          #include "sc92f_gpio.h"
  11          //*************************************************************
  12          /**************************************Generated by EasyCodeCube*************************************/
  13          //Forbid editing areas between the labels !!!
  14          /*************************************.Generated by EasyCodeCube.************************************/
  15          
  16          /*****************************************************
  17          *函数名称: SC_Init
  18          *函数功能: MCU初始化函数
  19          *入口参数：void
  20          *出口参数：void
  21          *****************************************************/
  22          void SC_Init(void)
  23          {
  24   1              //Forbid editing areas before the following label !!!
  25   1                      SC_GPIO_Init();
  26   1              SC_OPTION_Init();
  27   1      /*write initial function here*/ 
  28   1              EA = 1; 
  29   1      }
  30          
  31          /*****************************************************
  32          *函数名称: SC_OPTION_Init
  33          *函数功能: OPTION配置初始化函数
  34          *入口参数：void
  35          *出口参数：void
  36          *****************************************************/
  37          void SC_OPTION_Init(void)
  38          {
  39   1              //Forbid editing areas before the following label !!!
  40   1              SC92F8411_NIO_Init();
  41   1              /*OPTION_Init write here*/              
  42   1      }
  43          
  44          /*****************************************************
  45          *函数名称: SC_GPIO_Init
  46          *函数功能: GPIO初始化函数
  47          *入口参数：void
  48          *出口参数：void
  49          *****************************************************/
  50          void SC_GPIO_Init(void)
  51          {
  52   1              //Forbid editing areas before the following label !!!
  53   1              GPIO_Init(GPIO1, GPIO_PIN_5, GPIO_MODE_OUT_PP);
C51 COMPILER V9.57.0.0   SC_INIT                                                           11/13/2024 15:03:32 PAGE 2   

  54   1          GPIO_Init(GPIO1, GPIO_PIN_4, GPIO_MODE_OUT_PP);
  55   1          GPIO_Init(GPIO2, GPIO_PIN_4, GPIO_MODE_OUT_PP);
  56   1          GPIO_Init(GPIO2, GPIO_PIN_1, GPIO_MODE_OUT_PP);
  57   1              GPIO_Init(GPIO2, GPIO_PIN_6,GPIO_MODE_OUT_PP);
  58   1              GPIO_Init(GPIO2, GPIO_PIN_5,GPIO_MODE_OUT_PP);
  59   1              GPIO_Init(GPIO0, GPIO_PIN_1,GPIO_MODE_OUT_PP);
  60   1              GPIO_Init(GPIO0, GPIO_PIN_0,GPIO_MODE_OUT_PP);
  61   1              /*GPIO_Init write here*/                
  62   1      }
  63          
  64          /*****************************************************
  65          *函数名称: SC_UART0_Init
  66          *函数功能: UART0初始化函数
  67          *入口参数：void
  68          *出口参数：void
  69          *****************************************************/
  70          void SC_UART0_Init(void)
  71          {
  72   1              //Forbid editing areas before the following label !!!
  73   1              /*UART0_Init write here*/               
  74   1      }
  75          
  76          /*****************************************************
  77          *函数名称: SC_TIM0_Init
  78          *函数功能: TIMER0初始化函数
  79          *入口参数：void
  80          *出口参数：void 
  81          *****************************************************/
  82          void SC_TIM0_Init(void)
  83          {
  84   1              //Forbid editing areas before the following label !!!
  85   1              /*TIM0_Init write here*/                
  86   1      }
  87          
  88          /*****************************************************
  89          *函数名称: SC_TIM1_Init
  90          *函数功能: TIMER1初始化函数
  91          *入口参数：void
  92          *出口参数：void
  93          *****************************************************/
  94          void SC_TIM1_Init(void)
  95          {
  96   1              //Forbid editing areas before the following label !!!
  97   1              /*TIM1_Init write here*/        
  98   1      }
  99          
 100          /*****************************************************
 101          *函数名称: SC_TIM2_Init
 102          *函数功能: TIMER2初始化函数
 103          *入口参数：void
 104          *出口参数：void
 105          *****************************************************/
 106          void SC_TIM2_Init(void)
 107          {
 108   1              //Forbid editing areas before the following label !!!
 109   1              /*TIM2_Init write here*/        
 110   1      }
 111          
 112          /*****************************************************
 113          *函数名称: SC_TIM3_Init
 114          *函数功能: TIMER3初始化函数
 115          *入口参数：void
C51 COMPILER V9.57.0.0   SC_INIT                                                           11/13/2024 15:03:32 PAGE 3   

 116          *出口参数：void
 117          *****************************************************/
 118          void SC_TIM3_Init(void)
 119          {
 120   1              //Forbid editing areas before the following label !!!
 121   1              /*TIM3_Init write here*/        
 122   1      }
 123          
 124          /*****************************************************
 125          *函数名称: SC_TIM4_Init
 126          *函数功能: TIMER4初始化函数
 127          *入口参数：void
 128          *出口参数：void
 129          *****************************************************/
 130          void SC_TIM4_Init(void)
 131          {
 132   1              //Forbid editing areas before the following label !!!
 133   1              /*TIM4_Init write here*/        
 134   1      }
 135          
 136          /*****************************************************
 137          *函数名称: SC_PWM_Init
 138          *函数功能: PWM初始化函数
 139          *入口参数：void
 140          *出口参数：void 
 141          *****************************************************/
 142          void SC_PWM_Init(void)
 143          {
 144   1              //Forbid editing areas before the following label !!!
 145   1              /*PWM_Init write here*/ 
 146   1      }
 147          
 148          /*****************************************************
 149          *函数名称: SC_PWM0_Init
 150          *函数功能: PWM0初始化函数
 151          *入口参数：void
 152          *出口参数：void 
 153          *****************************************************/
 154          void SC_PWM0_Init(void)
 155          {
 156   1              //Forbid editing areas before the following label !!!
 157   1              /*PWM0_Init write here*/        
 158   1      }
 159          
 160          /*****************************************************
 161          *函数名称: SC_PWM1_Init
 162          *函数功能: PWM1初始化函数
 163          *入口参数：void
 164          *出口参数：void 
 165          *****************************************************/
 166          void SC_PWM1_Init(void)
 167          {
 168   1              //Forbid editing areas before the following label !!!
 169   1              /*PWM1_Init write here*/        
 170   1      }
 171          
 172          /*****************************************************
 173          *函数名称: SC_PWM2_Init
 174          *函数功能: PWM1初始化函数
 175          *入口参数：void
 176          *出口参数：void 
 177          *****************************************************/
C51 COMPILER V9.57.0.0   SC_INIT                                                           11/13/2024 15:03:32 PAGE 4   

 178          void SC_PWM2_Init(void)
 179          {
 180   1              //Forbid editing areas before the following label !!!
 181   1              /*PWM2_Init write here*/        
 182   1      }
 183          
 184          /*****************************************************
 185          *函数名称: SC_PWM3_Init
 186          *函数功能: PWM1初始化函数
 187          *入口参数：void
 188          *出口参数：void 
 189          *****************************************************/
 190          void SC_PWM3_Init(void)
 191          {
 192   1              //Forbid editing areas before the following label !!!
 193   1              /*PWM3_Init write here*/        
 194   1      }
 195          
 196          /*****************************************************
 197          *函数名称: SC_PWM4_Init
 198          *函数功能: PWM1初始化函数
 199          *入口参数：void
 200          *出口参数：void 
 201          *****************************************************/
 202          void SC_PWM4_Init(void)
 203          {
 204   1              //Forbid editing areas before the following label !!!
 205   1              /*PWM4_Init write here*/        
 206   1      }
 207          /*****************************************************
 208          *函数名称: SC_INT_Init
 209          *函数功能: INT初始化函数
 210          *入口参数：void
 211          *出口参数：void
 212          *****************************************************/
 213          void SC_INT_Init(void)
 214          {
 215   1              //Forbid editing areas before the following label !!!
 216   1              /*INT_Init write here*/ 
 217   1      }
 218          
 219          /*****************************************************
 220          *函数名称: SC_ADC_Init
 221          *函数功能: ADC初始化函数
 222          *入口参数：void
 223          *出口参数：void 
 224          *****************************************************/
 225          void SC_ADC_Init(void)
 226          {
 227   1              //Forbid editing areas before the following label !!!
 228   1              /*ADC_Init write here*/
 229   1      }
 230          
 231          /*****************************************************
 232          *函数名称: SC_PGA_Init
 233          *函数功能: PGA初始化函数
 234          *入口参数：void
 235          *出口参数：void 
 236          *****************************************************/
 237          void SC_PGA_Init(void)
 238          {
 239   1              //Forbid editing areas before the following label !!!
C51 COMPILER V9.57.0.0   SC_INIT                                                           11/13/2024 15:03:32 PAGE 5   

 240   1              /*PGA_Init write here*/
 241   1      }
 242          
 243          /*****************************************************
 244          *函数名称: SC_IAP_Init
 245          *函数功能: IAP初始化函数
 246          *入口参数：void
 247          *出口参数：void 
 248          *****************************************************/
 249          void SC_IAP_Init(void)
 250          {
 251   1              //Forbid editing areas before the following label !!!
 252   1              /*IAP_Init write here*/         
 253   1      }
 254          
 255          /*****************************************************
 256          *函数名称: SC_USCI0_Init
 257          *函数功能: USCI0初始化函数
 258          *入口参数：void
 259          *出口参数：void
 260          *****************************************************/
 261          void SC_USCI0_Init(void)
 262          {
 263   1              //Forbid editing areas before the following label !!!
 264   1              /*USCI0_Init write here*/               
 265   1      }
 266          
 267          /*****************************************************
 268          *函数名称: SC_USCI1_Init
 269          *函数功能: USCI1初始化函数
 270          *入口参数：void
 271          *出口参数：void
 272          *****************************************************/
 273          void SC_USCI1_Init(void)
 274          {
 275   1              //Forbid editing areas before the following label !!!
 276   1              /*USCI1_Init write here*/               
 277   1      }
 278          
 279          /*****************************************************
 280          *函数名称: SC_USCI2_Init
 281          *函数功能: USCI2初始化函数
 282          *入口参数：void
 283          *出口参数：void
 284          *****************************************************/
 285          void SC_USCI2_Init(void)
 286          {
 287   1              //Forbid editing areas before the following label !!!
 288   1              /*USCI2_Init write here*/               
 289   1      }
 290          
 291          /*****************************************************
 292          *函数名称: SC_USCI3_Init
 293          *函数功能: USCI3初始化函数
 294          *入口参数：void
 295          *出口参数：void
 296          *****************************************************/
 297          void SC_USCI3_Init(void)
 298          {
 299   1              //Forbid editing areas before the following label !!!
 300   1              /*USCI3_Init write here*/               
 301   1      }
C51 COMPILER V9.57.0.0   SC_INIT                                                           11/13/2024 15:03:32 PAGE 6   

 302          
 303          /*****************************************************
 304          *函数名称: SC_USCI4_Init
 305          *函数功能: USCI4初始化函数
 306          *入口参数：void
 307          *出口参数：void
 308          *****************************************************/
 309          void SC_USCI4_Init(void)
 310          {
 311   1              //Forbid editing areas before the following label !!!
 312   1              /*USCI4_Init write here*/               
 313   1      }
 314          
 315          /*****************************************************
 316          *函数名称: SC_USCI5_Init
 317          *函数功能: USCI5初始化函数
 318          *入口参数：void
 319          *出口参数：void
 320          *****************************************************/
 321          void SC_USCI5_Init(void)
 322          {
 323   1              //Forbid editing areas before the following label !!!
 324   1              /*USCI5_Init write here*/               
 325   1      }
 326          
 327          /*****************************************************
 328          *函数名称: SC_SSI_Init
 329          *函数功能: SSI初始化函数
 330          *入口参数：void
 331          *出口参数：void
 332          *****************************************************/
 333          void SC_SSI_Init(void)
 334          {
 335   1              //Forbid editing areas before the following label !!!
 336   1              /*SSI_Init write here*/         
 337   1      }
 338          
 339          /*****************************************************
 340          *函数名称: SC_SSI0_Init
 341          *函数功能: SSI初始化函数
 342          *入口参数：void
 343          *出口参数：void
 344          *****************************************************/
 345          void SC_SSI0_Init(void)
 346          {
 347   1              //Forbid editing areas before the following label !!!
 348   1              /*SSI0_Init write here*/                
 349   1      }
 350          
 351          /*****************************************************
 352          *函数名称: SC_SSI1_Init
 353          *函数功能: SSI初始化函数
 354          *入口参数：void
 355          *出口参数：void
 356          *****************************************************/
 357          void SC_SSI1_Init(void)
 358          {
 359   1              //Forbid editing areas before the following label !!!
 360   1              /*SSI1_Init write here*/                
 361   1      }
 362          
 363          /*****************************************************
C51 COMPILER V9.57.0.0   SC_INIT                                                           11/13/2024 15:03:32 PAGE 7   

 364          *函数名称: SC_BTM_Init
 365          *函数功能: 低频时钟定时器初始化函数
 366          *入口参数：void
 367          *出口参数：void 
 368          *****************************************************/
 369          void SC_BTM_Init(void)
 370          {
 371   1              //Forbid editing areas before the following label !!!
 372   1              /*BTM_Init write here*/         
 373   1      }
 374          
 375          /*****************************************************
 376          *函数名称: SC_CRC_Init
 377          *函数功能: check sum 初始化函数
 378          *入口参数：void
 379          *出口参数：void
 380          *****************************************************/
 381          void SC_CRC_Init(void)
 382          {
 383   1              //Forbid editing areas before the following label !!!
 384   1              /*CRC_Init write here*/ 
 385   1      }
 386          
 387          /*****************************************************
 388          *函数名称: SC_CHKSUM_Init
 389          *函数功能: check sum 初始化函数
 390          *入口参数：void
 391          *出口参数：void
 392          *****************************************************/
 393          void SC_CHKSUM_Init(void)
 394          {
 395   1              //Forbid editing areas before the following label !!!
 396   1              /*CHKSUM_Init write here*/      
 397   1      }
 398          
 399          /*****************************************************
 400          *函数名称: SC_WDT_Init
 401          *函数功能: 看门狗初始化函数
 402          *入口参数：void
 403          *出口参数：void 
 404          *****************************************************/
 405          void SC_WDT_Init(void)
 406          {
 407   1              //Forbid editing areas before the following label !!!
 408   1              /*WDT_Init write here*/         
 409   1      }
 410          
 411          /*****************************************************
 412          *函数名称: SC_PWR_Init
 413          *函数功能: 电源/功耗控制初始化函数
 414          *入口参数：void
 415          *出口参数：void 
 416          *****************************************************/
 417          void SC_PWR_Init(void)
 418          {
 419   1              //Forbid editing areas before the following label !!!
 420   1              /*PWR_Init write here*/         
 421   1      }
 422          /*****************************************************
 423          *函数名称: SC_DDIC_Init
 424          *函数功能: 显示控制初始化函数
 425          *入口参数：void
C51 COMPILER V9.57.0.0   SC_INIT                                                           11/13/2024 15:03:32 PAGE 8   

 426          *出口参数：void 
 427          *****************************************************/
 428          void SC_DDIC_Init(void)
 429          {
 430   1              //Forbid editing areas before the following label !!!
 431   1              /*DDIC_Init write here*/        
 432   1      }
 433          
 434          /*****************************************************
 435          *函数名称: SC_ACMP_Init
 436          *函数功能: 运放初始化函数
 437          *入口参数：void
 438          *出口参数：void 
 439          *****************************************************/
 440          void SC_ACMP_Init(void)
 441          {
 442   1              //Forbid editing areas before the following label !!!
 443   1              /*ACMP_Init write here*/        
 444   1      }
 445          
 446          /*****************************************************
 447          *函数名称: SC_MDU_Init
 448          *函数功能: 乘除法器初始化函数
 449          *入口参数：void
 450          *出口参数：void 
 451          *****************************************************/
 452          void SC_MDU_Init(void)
 453          {
 454   1              //Forbid editing areas before the following label !!!
 455   1              /*MDU_Init write here*/ 
 456   1      }
 457          
 458          /*****************************************************
 459          *函数名称: SC_LPD_Init
 460          *函数功能: LPD初始化函数
 461          *入口参数：void
 462          *出口参数：void 
 463          *****************************************************/
 464          void SC_LPD_Init(void)
 465          {
 466   1              //Forbid editing areas before the following label !!!
 467   1              /*LPD_Init write here*/
 468   1      }


MODULE INFORMATION:   STATIC OVERLAYABLE
   CODE SIZE        =    128    ----
   CONSTANT SIZE    =   ----    ----
   XDATA SIZE       =   ----    ----
   PDATA SIZE       =   ----    ----
   DATA SIZE        =   ----    ----
   IDATA SIZE       =   ----    ----
   BIT SIZE         =   ----    ----
   EDATA SIZE       =   ----    ----
   HDATA SIZE       =   ----    ----
   XDATA CONST SIZE =   ----    ----
   FAR CONST SIZE   =   ----    ----
END OF MODULE INFORMATION.


C51 COMPILATION COMPLETE.  0 WARNING(S),  0 ERROR(S)
