C51 COMPILER V9.59.0.0   SSI_INIT                                                          01/07/2025 13:17:26 PAGE 1   


C51 COMPILER V9.59.0.0, COMPILATION OF MODULE SSI_INIT
OBJECT MODULE PLACED IN .\Objects\SSI_Init.obj
COMPILER INVOKED BY: D:\Keil_v5\C51\BIN\C51.EXE c\SSI_Init.c LARGE OMF2 OPTIMIZE(0,SPEED) BROWSE INCDIR(.\H;.\User;.\TKD
                    -river\C) DEBUG PRINT(.\Listings\SSI_Init.lst) OBJECT(.\Objects\SSI_Init.obj)

line level    source

   1          #include "H/Function_Init.H"
   2          #include "H/RingBuffer_C51.H"
   3          #include "H/Data_Type.h"
   4          #include "project.h"
   5          
   6          bit Uart1SendFlag = 0;            //Uart发送中断标志位
   7          //bit Uart1ReceiveFlag = 0;               //Uart接收中断标志位
   8          TagRingBuffer g_comunicate_rb;    //定义队列
   9          static char g_rb_buffer[9]={0};   
  10          //发送字符串
  11          void UART_Sendstring(u8 *str)
  12          {   
  13   1              u8 i;
  14   1              for(i = 0; i < 7 ; i++)
  15   1              {
  16   2                      SSDAT  = str[i];
  17   2                      while(!Uart1SendFlag);
  18   2                      Uart1SendFlag = 0;
  19   2              }
  20   1      }
  21          
  22          /*****************************************************
  23          *函数名称：void Uart1_Init(uint Freq,unsigned long int baud)
  24          *函数功能：Uart1中断初始化
  25          *入口参数：Freq-主频，baud-波特率
  26          *出口参数：void
  27          *****************************************************/
  28          void UART1_Init(uint Freq,unsigned long int baud)
  29          {
  30   1              P2CON &= 0xFC;   //TX/RX设置为输入带上拉
  31   1              P2PH  |= 0x03;
  32   1              
  33   1              OTCON |= 0xC0;    //串行接口SSI选择Uart1通信
  34   1              SSCON0 = 0x50;   //设置通信方式为模式一，允许接收
  35   1              SSCON1 = Freq*1000000/baud;   //波特率低位控制
  36   1              SSCON2 = (Freq*1000000/baud)>>8;   //波特率高位控制
  37   1              IE1 |= 0x01;      //开启SSI中断
  38   1          EA = 1;     
  39   1              ringBuffer_init(&g_comunicate_rb, sizeof(g_rb_buffer),g_rb_buffer);//初始化队列
  40   1              
  41   1      }
  42          
  43          /*****************************************************
  44          *函数名称：void TWI/SPI/UART1_Int() interrupt 7
  45          *函数功能：SSI中断函数
  46          *入口参数：void
  47          *出口参数：void
  48          *****************************************************/
  49          void Uart1_Int() interrupt 7   //Uart1中断函数
  50          {
  51   1              
  52   1              if(SSCON0&0x02)    //发送标志位判断
  53   1              {
  54   2                      SSCON0 &= 0xFD;
C51 COMPILER V9.59.0.0   SSI_INIT                                                          01/07/2025 13:17:26 PAGE 2   

  55   2                      Uart1SendFlag = 1;
  56   2              }
  57   1              if(SSCON0&0x01)  //接收标志位判断
  58   1              {
  59   2                      SSCON0 &= 0xFE;
  60   2                      //Uart1ReceiveFlag = 1;
  61   2                      ringBuffer_push(&g_comunicate_rb, SSDAT); //队列接收数据
  62   2              }       
  63   1      }


MODULE INFORMATION:   STATIC OVERLAYABLE
   CODE SIZE        =    318    ----
   CONSTANT SIZE    =   ----    ----
   XDATA SIZE       =     30    ----
   PDATA SIZE       =   ----    ----
   DATA SIZE        =   ----    ----
   IDATA SIZE       =   ----    ----
   BIT SIZE         =      1    ----
   EDATA SIZE       =   ----    ----
   HDATA SIZE       =   ----    ----
   XDATA CONST SIZE =   ----    ----
   FAR CONST SIZE   =   ----    ----
END OF MODULE INFORMATION.


C51 COMPILATION COMPLETE.  0 WARNING(S),  0 ERROR(S)
