C51 COMPILER V9.59.0.0   UART_INIT                                                         01/04/2025 11:59:29 PAGE 1   


C51 COMPILER V9.59.0.0, COMPILATION OF MODULE UART_INIT
OBJECT MODULE PLACED IN .\Objects\Uart_Init.obj
COMPILER INVOKED BY: D:\Keil_v5\C51\BIN\C51.EXE c\Uart_Init.c LARGE OMF2 OPTIMIZE(0,SPEED) BROWSE INCDIR(.\H;.\User;.\TK
                    -Driver\C) DEBUG PRINT(.\Listings\Uart_Init.lst) OBJECT(.\Objects\Uart_Init.obj)

line level    source

   1          #include "H/Function_Init.H" 
   2          uint UART_RxData[5];//发送5个8位自定义数据//发送5个8位自定义数据（若要修改数据个数需修改相应数组大小和发送
             -/接收for循环大小）
   3          void Uart0_Init(uint Freq,unsigned long int baud);
   4          bit UartSendFlag = 0; //发送中断标志位
   5          bit UartReceiveFlag = 0; //接收中断标志位
   6          /*****************************************************
   7          *函数名称：void Uart0_Test(void)
   8          *函数功能：Uart0测试
   9          *入口参数：void
  10          *出口参数：void
  11          *****************************************************/
  12          void Uart0_Test(void)
  13          {
  14   1              int num1,num2;
  15   1              Uart0_Init(12,9600);
  16   1              while(1)
  17   1              {
  18   2                      for(num1=0;num1<5;num1++)
  19   2                      {
  20   3                              while(!UartReceiveFlag);
  21   3                              UartReceiveFlag = 0;
  22   3                              UART_RxData[num1] = SBUF;
  23   3              
  24   3                      }
  25   2                      for(num2=0;num2<5;num2++)
  26   2                      {
  27   3                              SBUF = UART_RxData[num2];
  28   3                              while(!UartSendFlag);
  29   3                              UartSendFlag = 0;
  30   3                      }
  31   2      
  32   2      
  33   2      
  34   2              }
  35   1      }
  36          /*****************************************************
  37          *函数名称：void Uart0_Init(uint Freq,unsigned long int baud)
  38          *函数功能：Uart0中断初始化
  39          *入口参数：Freq-主频，baud-波特率
  40          *出口参数：void
  41          *****************************************************/
  42          void Uart0_Init(uint Freq,unsigned long int baud)    //选择Timer1作为波特率信号发生器
  43          {
  44   1              P1CON &= 0xF3;   //TX/RX设置为输入带上拉
  45   1              P1PH  |= 0x0C;
  46   1              
  47   1              SCON  |= 0X50;   //设置通信方式为模式一，允许接收
  48   1              TMCON |= 0X02;
  49   1              TMOD  |= 0X20;
  50   1              PCON  |= 0X80;  //SMOD=1
  51   1              TH1 = (Freq*1000000/baud)>>8;     //波特率为T1的溢出时间；
  52   1              TL1 = Freq*1000000/baud;
  53   1              TR1 = 1;
C51 COMPILER V9.59.0.0   UART_INIT                                                         01/04/2025 11:59:29 PAGE 2   

  54   1              ET1 = 1;
  55   1              EUART = 1;     //开启Uart0中断
  56   1              EA = 1;
  57   1      }
  58          /*
  59          void Uart0_Init(uint Freq,unsigned long int baud)    //选择Timer2作为波特率信号发生器
  60          {
  61            P1CON &= 0xF3;   //TX/RX设置为输入带上拉
  62                  P1PH  |= 0x0C;
  63          
  64                  SCON  |= 0X50;   //设置通信方式为模式一，允许接收
  65                  TMCON |= 0X04;
  66                  T2MOD = 0X00;
  67                  T2CON = 0X30;
  68                  RCAP2H = Freq*1000000/baud/256;
  69                  RCAP2L = Freq*1000000/baud%256;
  70                  TR2 = 0;
  71                  ET2 = 0;
  72                  EUART = 1;     //开启Uart0中断
  73                  EA = 1;
  74          }
  75          */
  76          
  77          /*****************************************************
  78          *函数名称：void UartInt(void) interrupt 4
  79          *函数功能：Uart0中断函数
  80          *入口参数：void
  81          *出口参数：void
  82          *****************************************************/
  83          void UartInt(void) interrupt 4
  84          {
  85   1              if(TI)
  86   1              {
  87   2                      TI = 0; 
  88   2                      UartSendFlag = 1;               
  89   2              }
  90   1              if(RI)
  91   1              {
  92   2                      RI = 0; 
  93   2                      UartReceiveFlag = 1;
  94   2              }       
  95   1      }


MODULE INFORMATION:   STATIC OVERLAYABLE
   CODE SIZE        =    325    ----
   CONSTANT SIZE    =   ----    ----
   XDATA SIZE       =     20    ----
   PDATA SIZE       =   ----    ----
   DATA SIZE        =   ----    ----
   IDATA SIZE       =   ----    ----
   BIT SIZE         =      2    ----
   EDATA SIZE       =   ----    ----
   HDATA SIZE       =   ----    ----
   XDATA CONST SIZE =   ----    ----
   FAR CONST SIZE   =   ----    ----
END OF MODULE INFORMATION.


C51 COMPILATION COMPLETE.  0 WARNING(S),  0 ERROR(S)
